<?xml version="1.0" encoding="UTF-8"?>
<!-- Generated by org.testng.reporters.JUnitReportReporter -->
<testsuite skipped="0" hostname="DESKTOP-EEAD1M1" name="testngpackage.testngProject" tests="1" failures="0" timestamp="2020-05-17T20:20:31 IST" time="7.174" errors="0">
  <testcase name="FirstTest" time="7.174" classname="testngpackage.testngProject"/>
</testsuite> <!-- testngpackage.testngProject -->
